Build started 12/2/2015 2:37:57 PM.
     1>Project "E:\College 2015-2016\YanevMilush_CSC117A_48983\Homework\YanevMilush_CSC117A_48983\Homework\HW15.1\HW15.1\HW15.1.vcxproj" on node 2 (Build target(s)).
     1>ClCompile:
         C:\Program Files (x86)\VC\bin\CL.exe /c /ZI /nologo /W3 /WX- /sdl /Od /Oy- /D WIN32 /D _DEBUG /D _CONSOLE /D _LIB /D _UNICODE /D UNICODE /Gm /EHsc /RTC1 /MDd /GS /fp:precise /Zc:wchar_t /Zc:forScope /Fo"Debug\\" /Fd"Debug\vc120.pdb" /Gd /TP /analyze- /errorReport:prompt Employee.cpp main.cpp
         main.cpp
     1>e:\college 2015-2016\yanevmilush_csc117a_48983\homework\yanevmilush_csc117a_48983\homework\hw15.1\hw15.1\main.cpp(27): warning C4305: 'argument' : truncation from 'double' to 'float'
         Employee.cpp
         Generating Code...
       Link:
         C:\Program Files (x86)\VC\bin\link.exe /ERRORREPORT:PROMPT /OUT:"E:\College 2015-2016\YanevMilush_CSC117A_48983\Homework\YanevMilush_CSC117A_48983\Homework\HW15.1\Debug\HW15.1.exe" /INCREMENTAL /NOLOGO kernel32.lib user32.lib gdi32.lib winspool.lib comdlg32.lib advapi32.lib shell32.lib ole32.lib oleaut32.lib uuid.lib odbc32.lib odbccp32.lib /MANIFEST /MANIFESTUAC:"level='asInvoker' uiAccess='false'" /manifest:embed /DEBUG /PDB:"E:\College 2015-2016\YanevMilush_CSC117A_48983\Homework\YanevMilush_CSC117A_48983\Homework\HW15.1\Debug\HW15.1.pdb" /SUBSYSTEM:CONSOLE /TLBID:1 /DYNAMICBASE /NXCOMPAT /IMPLIB:"E:\College 2015-2016\YanevMilush_CSC117A_48983\Homework\YanevMilush_CSC117A_48983\Homework\HW15.1\Debug\HW15.1.lib" /MACHINE:X86 Debug\Employee.obj
         Debug\main.obj
     1>main.obj : error LNK2019: unresolved external symbol "public: __thiscall ProductionWorker::ProductionWorker(void)" (??0ProductionWorker@@QAE@XZ) referenced in function _main
     1>main.obj : error LNK2019: unresolved external symbol "public: __thiscall ProductionWorker::~ProductionWorker(void)" (??1ProductionWorker@@QAE@XZ) referenced in function _main
     1>main.obj : error LNK2019: unresolved external symbol "public: void __thiscall ProductionWorker::setShift(int)" (?setShift@ProductionWorker@@QAEXH@Z) referenced in function _main
     1>main.obj : error LNK2019: unresolved external symbol "public: void __thiscall ProductionWorker::setRate(float)" (?setRate@ProductionWorker@@QAEXM@Z) referenced in function _main
     1>E:\College 2015-2016\YanevMilush_CSC117A_48983\Homework\YanevMilush_CSC117A_48983\Homework\HW15.1\Debug\HW15.1.exe : fatal error LNK1120: 4 unresolved externals
     1>Done Building Project "E:\College 2015-2016\YanevMilush_CSC117A_48983\Homework\YanevMilush_CSC117A_48983\Homework\HW15.1\HW15.1\HW15.1.vcxproj" (Build target(s)) -- FAILED.

Build FAILED.

Time Elapsed 00:00:00.73
